e:\visual studio workspace\새 폴더\theifpoker\theifpoker3\theifporker3\debug\theifporker3.pch
e:\visual studio workspace\새 폴더\theifpoker\theifpoker3\theifporker3\debug\vc141.pdb
e:\visual studio workspace\새 폴더\theifpoker\theifpoker3\theifporker3\debug\vc141.idb
e:\visual studio workspace\새 폴더\theifpoker\theifpoker3\theifporker3\debug\pch.obj
e:\visual studio workspace\새 폴더\theifpoker\theifpoker3\theifporker3\debug\theifporker3.obj
e:\visual studio workspace\새 폴더\theifpoker\theifpoker3\theifporker3\debug\player.obj
e:\visual studio workspace\새 폴더\theifpoker\theifpoker3\theifporker3\debug\hand.obj
e:\visual studio workspace\새 폴더\theifpoker\theifpoker3\theifporker3\debug\gameview.obj
e:\visual studio workspace\새 폴더\theifpoker\theifpoker3\theifporker3\debug\evaluator.obj
e:\visual studio workspace\새 폴더\theifpoker\theifpoker3\theifporker3\debug\deck.obj
e:\visual studio workspace\새 폴더\theifpoker\theifpoker3\theifporker3\debug\computer.obj
e:\visual studio workspace\새 폴더\theifpoker\theifpoker3\theifporker3\debug\card.obj
e:\visual studio workspace\새 폴더\theifpoker\theifpoker3\debug\theifporker3.exe
e:\visual studio workspace\새 폴더\theifpoker\theifpoker3\debug\theifporker3.ilk
e:\visual studio workspace\새 폴더\theifpoker\theifpoker3\debug\theifporker3.pdb
e:\visual studio workspace\새 폴더\theifpoker\theifpoker3\theifporker3\debug\game.obj
e:\visual studio workspace\새 폴더\theifpoker\theifpoker3\theifporker3\debug\theifpoker.obj
e:\visual studio workspace\새 폴더\theifpoker\theifpoker3\theifporker3\debug\view.obj
e:\visual studio workspace\새 폴더\theifpoker\theifpoker3\theifporker3\debug\card.obj.enc
e:\visual studio workspace\새 폴더\theifpoker\theifpoker3\theifporker3\debug\deck.obj.enc
e:\visual studio workspace\새 폴더\theifpoker\theifpoker3\theifporker3\debug\hand.obj.enc
e:\visual studio workspace\새 폴더\theifpoker\theifpoker3\theifporker3\debug\player.obj.enc
e:\visual studio workspace\새 폴더\theifpoker\theifpoker3\theifporker3\debug\theifporker3.obj.enc
e:\visual studio workspace\새 폴더\theifpoker\theifpoker3\theifporker3\debug\theifpoker.pch
e:\visual studio workspace\새 폴더\theifpoker\theifpoker3\theifporker3\debug\theifporker3.tlog\cl.command.1.tlog
e:\visual studio workspace\새 폴더\theifpoker\theifpoker3\theifporker3\debug\theifporker3.tlog\cl.read.1.tlog
e:\visual studio workspace\새 폴더\theifpoker\theifpoker3\theifporker3\debug\theifporker3.tlog\cl.write.1.tlog
e:\visual studio workspace\새 폴더\theifpoker\theifpoker3\theifporker3\debug\theifporker3.tlog\link.command.1.tlog
e:\visual studio workspace\새 폴더\theifpoker\theifpoker3\theifporker3\debug\theifporker3.tlog\link.read.1.tlog
e:\visual studio workspace\새 폴더\theifpoker\theifpoker3\theifporker3\debug\theifporker3.tlog\link.write.1.tlog
